<?xml version="1.0" encoding="UTF-8"?>
<!-- Generated by org.testng.reporters.JUnitReportReporter -->
<testsuite hostname="opensooq" failures="0" tests="1" name="com.syarah.syarah.EN_FinanceOrder" time="5.643" errors="0" timestamp="2021-11-27T16:40:38 EET" skipped="0">
  <testcase classname="com.syarah.syarah.EN_FinanceOrder" name="finance_order" time="5.643"/>
  <system-out/>
</testsuite> <!-- com.syarah.syarah.EN_FinanceOrder -->
