<?xml version="1.0" encoding="UTF-8"?>
<!-- Generated by org.testng.reporters.JUnitReportReporter -->
<testsuite hostname="opensooq" failures="0" tests="1" name="com.syarah.syarah.FinanceOrder" time="44.344" errors="0" timestamp="2021-11-27T16:44:22 EET" skipped="0">
  <testcase classname="com.syarah.syarah.FinanceOrder" name="finance_order" time="44.344"/>
  <system-out/>
</testsuite> <!-- com.syarah.syarah.FinanceOrder -->
